<?xml version="1.0" encoding="UTF-8"?>
<!-- Generated by org.testng.reporters.JUnitXMLReporter -->
<testsuite ignored="0" hostname="sys" failures="0" tests="3" name="Test" time="33.945" errors="0" timestamp="2021-09-02T11:34:01 EDT">
  <testcase classname="academy.EndProject.validateTitle" name="basePageNavigation" time="0.648"/>
  <testcase classname="academy.EndProject.HomePage" name="basePageNavigation" time="12.392"/>
  <testcase classname="academy.EndProject.HomePage" name="basePageNavigation" time="11.308"/>
</testsuite> <!-- Test -->
